<?xml version="1.0" encoding="UTF-8"?>
<testng-results skipped="0" failed="1" ignored="0" total="1" passed="0">
  <reporter-output>
  </reporter-output>
  <suite name="Default suite" duration-ms="15225" started-at="2023-02-07T10:57:23 AST" finished-at="2023-02-07T10:57:38 AST">
    <groups>
    </groups>
    <test name="Default test" duration-ms="15225" started-at="2023-02-07T10:57:23 AST" finished-at="2023-02-07T10:57:38 AST">
      <class name="testCases.testCase1">
        <test-method status="PASS" signature="beforeClass()[pri:0, instance:testCases.testCase1@df27fae]" name="beforeClass" is-config="true" duration-ms="13143" started-at="2023-02-07T10:57:23 AST" finished-at="2023-02-07T10:57:36 AST">
          <reporter-output>
          </reporter-output>
        </test-method> <!-- beforeClass -->
        <test-method status="FAIL" signature="invalidUserName()[pri:0, instance:testCases.testCase1@df27fae]" name="invalidUserName" duration-ms="2039" started-at="2023-02-07T10:57:36 AST" finished-at="2023-02-07T10:57:38 AST">
          <exception class="java.lang.IllegalArgumentException">
            <message>
              <![CDATA[Can not set io.appium.java_client.android.AndroidElement field Pages.pinDrop.pinDropButton to null value]]>
            </message>
            <full-stacktrace>
              <![CDATA[java.lang.IllegalArgumentException: Can not set io.appium.java_client.android.AndroidElement field Pages.pinDrop.pinDropButton to null value
at sun.reflect.UnsafeFieldAccessorImpl.throwSetIllegalArgumentException(UnsafeFieldAccessorImpl.java:167)
at sun.reflect.UnsafeFieldAccessorImpl.throwSetIllegalArgumentException(UnsafeFieldAccessorImpl.java:171)
at sun.reflect.UnsafeObjectFieldAccessorImpl.set(UnsafeObjectFieldAccessorImpl.java:81)
at java.lang.reflect.Field.set(Field.java:764)
at org.openqa.selenium.support.PageFactory.proxyFields(PageFactory.java:117)
at org.openqa.selenium.support.PageFactory.initElements(PageFactory.java:105)
at org.openqa.selenium.support.PageFactory.initElements(PageFactory.java:92)
at org.openqa.selenium.support.PageFactory.initElements(PageFactory.java:79)
at Pages.pinDrop.<init>(pinDrop.java:17)
at testCases.testCase1.invalidUserName(testCase1.java:17)
at sun.reflect.NativeMethodAccessorImpl.invoke0(Native Method)
at sun.reflect.NativeMethodAccessorImpl.invoke(NativeMethodAccessorImpl.java:62)
at sun.reflect.DelegatingMethodAccessorImpl.invoke(DelegatingMethodAccessorImpl.java:43)
at java.lang.reflect.Method.invoke(Method.java:498)
at org.testng.internal.MethodInvocationHelper.invokeMethod(MethodInvocationHelper.java:133)
at org.testng.internal.TestInvoker.invokeMethod(TestInvoker.java:598)
at org.testng.internal.TestInvoker.invokeTestMethod(TestInvoker.java:173)
at org.testng.internal.MethodRunner.runInSequence(MethodRunner.java:46)
at org.testng.internal.TestInvoker$MethodInvocationAgent.invoke(TestInvoker.java:824)
at org.testng.internal.TestInvoker.invokeTestMethods(TestInvoker.java:146)
at org.testng.internal.TestMethodWorker.invokeTestMethods(TestMethodWorker.java:146)
at org.testng.internal.TestMethodWorker.run(TestMethodWorker.java:128)
at java.util.ArrayList.forEach(ArrayList.java:1259)
at org.testng.TestRunner.privateRun(TestRunner.java:794)
at org.testng.TestRunner.run(TestRunner.java:596)
at org.testng.SuiteRunner.runTest(SuiteRunner.java:377)
at org.testng.SuiteRunner.runSequentially(SuiteRunner.java:371)
at org.testng.SuiteRunner.privateRun(SuiteRunner.java:332)
at org.testng.SuiteRunner.run(SuiteRunner.java:276)
at org.testng.SuiteRunnerWorker.runSuite(SuiteRunnerWorker.java:53)
at org.testng.SuiteRunnerWorker.run(SuiteRunnerWorker.java:96)
at org.testng.TestNG.runSuitesSequentially(TestNG.java:1212)
at org.testng.TestNG.runSuitesLocally(TestNG.java:1134)
at org.testng.TestNG.runSuites(TestNG.java:1063)
at org.testng.TestNG.run(TestNG.java:1031)
at org.testng.remote.AbstractRemoteTestNG.run(AbstractRemoteTestNG.java:115)
at org.testng.remote.RemoteTestNG.initAndRun(RemoteTestNG.java:251)
at org.testng.remote.RemoteTestNG.main(RemoteTestNG.java:77)
]]>
            </full-stacktrace>
          </exception> <!-- java.lang.IllegalArgumentException -->
          <reporter-output>
          </reporter-output>
        </test-method> <!-- invalidUserName -->
      </class> <!-- testCases.testCase1 -->
    </test> <!-- Default test -->
  </suite> <!-- Default suite -->
</testng-results>
